IQ-TREE multicore version 2.3.3 COVID-edition for Linux x86 64-bit built Apr 25 2024
Developed by Bui Quang Minh, James Barbetti, Nguyen Lam Tung, Olga Chernomor,
Heiko Schmidt, Dominik Schrempf, Michael Woodhams, Ly Trong Nhan, Thomas Wong

Host:    laia (AVX512, FMA3, 7 GB RAM)
Command: iqtree2 -s CO1A2_trim.fa -B 1000 -m LG+G4 --prefix CO1A2_tree
Seed:    25437 (Using SPRNG - Scalable Parallel Random Number Generator)
Time:    Thu Apr 25 18:59:09 2024
Kernel:  AVX+FMA - 1 threads (8 CPU cores detected)

HINT: Use -nt option to specify number of threads because your CPU has 8 cores!
HINT: -nt AUTO will automatically determine the best number of threads to use.

Reading alignment file CO1A2_trim.fa ... Fasta format detected
Reading fasta file: done in 0.000621082 secs using 11.43% CPU
Alignment most likely contains protein sequences
Alignment has 38 sequences with 1147 columns, 771 distinct patterns
612 parsimony-informative, 139 singleton sites, 396 constant sites
                                                             Gap/Ambiguity  Composition  p-value
Analyzing sequences: done in 6.146e-05 secs using 99.25% CPU
   1  CO1A2|Homo_sapiens                                             0.00%    passed     85.88%
   2  NP_031769.2|Mus_musculus                                       0.00%    passed     99.08%
   3  NP_001003187.1|Canis_lupus_familiaris                          0.00%    passed     95.94%
   4  QTG40775.1|Cloning_vector_pRP-mChery-col1a2                    0.00%    passed     99.08%
   5  QXO37029.1|Mammalian_gene_expression_vector_pRP-EGFP-Col1a2    0.00%    passed     99.08%
   6  XP_051007948.1|Acomys_russatus                                 0.00%    passed     99.94%
   7  XP_049641154.1|Suncus_etruscus                                 0.00%    passed     99.18%
   8  EAW76795.1|Homo_sapiens                                       27.11%    failed      0.00%
   9  XP_028926373.1|Ornithorhynchus_anatinus                        0.00%    passed     91.24%
  10  XP_020855640.1|Phascolarctos_cinereus                          0.00%    passed     94.32%
  11  KFO23903.1|Fukomys_damarensis                                  1.57%    passed    100.00%
  12  TEA24756.1|Sousa_chinensis                                     1.05%    passed     98.81%
  13  XP_040328586.1|Puma_yagouaroundi                              11.42%    passed     97.71%
  14  NP_001080727.1|Xenopus_laevis                                  0.00%    passed     90.73%
  15  EFB18514.1|Ailuropoda_melanoleuca                             13.95%    passed     94.41%
  16  MXQ83349.1|Bos_mutus                                           0.96%    failed      0.03%
  17  ADZ04657.1|Ambystoma_mexicanum                                 0.00%    passed     89.96%
  18  XP_053322408.1|Spea_bombifrons                                 0.00%    passed     88.10%
  19  KAG8443132.1|Hymenochirus_boettgeri                            0.00%    passed     89.58%
  20  KAG9472320.1|Eleutherodactylus_coqui                           0.00%    passed     78.31%
  21  XP_040289994.1|Bufo_bufo                                       0.00%    passed     33.93%
  22  XP_053570034.1|Bombina_bombina                                 0.00%    passed     85.04%
  23  C0HLJ6.1|Megatherium_americanum                               21.01%    failed      0.03%
  24  XP_029444760.1|Rhinatrema_bivittatum                           0.00%    passed     57.40%
  25  XP_030056470.1|Microcaecilia_unicolor                          0.17%    passed     40.53%
  26  XP_029414203.1|Nannospalax_galili                             13.60%    passed     99.12%
  27  XP_018416270.1|Nanorana_parkeri                                0.00%    passed     57.41%
  28  KAG8548509.1|Engystomops_pustulosus                            0.00%    passed     97.03%
  29  XP_041040372.1|Carcharodon_carcharias                          0.00%    passed     20.24%
  30  XP_020371053.1|Rhincodon_typus                                 0.00%    passed     26.17%
  31  XP_035510856.1|Morone_saxatilis                                0.00%    failed      0.12%
  32  UNJ97021.1|Eptatretus_burgeri                                  0.09%    failed      0.50%
  33  XP_032813113.1|Petromyzon_marinus                              0.00%    passed      9.42%
  34  XP_053311794.1|Spea_bombifrons                                 0.00%    failed      1.53%
  35  XP_045926300.1|Micropterus_dolomieu                            0.00%    failed      0.32%
  36  XP_033794799.1|Geotrypetes_seraphini                           0.00%    passed     24.17%
  37  TFK10573.1|Platysternon_megacephalum                           0.00%    passed     32.36%
  38  XP_043869618.1|Solea_senegalensis                              0.00%    failed      0.07%
****  TOTAL                                                          2.39%  8 sequences failed composition chi2 test (p-value<5%; df=19)
NOTE: QTG40775.1|Cloning_vector_pRP-mChery-col1a2 is identical to NP_031769.2|Mus_musculus but kept for subsequent analysis
NOTE: 1 identical sequences (see below) will be ignored for subsequent analysis
NOTE: QXO37029.1|Mammalian_gene_expression_vector_pRP-EGFP-Col1a2 (identical to NP_031769.2|Mus_musculus) is ignored but added at the end
Alignment was printed to CO1A2_tree.uniqueseq.phy

For your convenience alignment with unique sequences printed to CO1A2_tree.uniqueseq.phy

Create initial parsimony tree by phylogenetic likelihood library (PLL)... 0.006 seconds
Generating 1000 samples for ultrafast bootstrap (seed: 25437)...

NOTE: 21 MB RAM (0 GB) is required!
Estimate model parameters (epsilon = 0.100)
1. Initial log-likelihood: -25173.504
2. Current log-likelihood: -24980.398
3. Current log-likelihood: -24978.698
Optimal log-likelihood: -24978.650
Gamma shape alpha: 0.619
Parameters optimization took 3 rounds (0.721 sec)
Wrote distance file to... 
Computing ML distances based on estimated model parameters...
Calculating distance matrix: done in 0.0707336 secs using 99.89% CPU
Computing ML distances took 0.070883 sec (of wall-clock time) 0.070807 sec (of CPU time)
Setting up auxiliary I and S matrices: done in 4.4789e-05 secs using 98.24% CPU
Computing RapidNJ tree took 0.000212 sec (of wall-clock time) 0.000207 sec (of CPU time)
Log-likelihood of RapidNJ tree: -25043.635
--------------------------------------------------------------------
|             INITIALIZING CANDIDATE TREE SET                      |
--------------------------------------------------------------------
Generating 98 parsimony trees... 0.628 second
Computing log-likelihood of 98 initial trees ... 5.348 seconds
Current best score: -24978.650

Do NNI search on 20 best initial trees
Estimate model parameters (epsilon = 0.100)
BETTER TREE FOUND at iteration 1: -24960.717
Estimate model parameters (epsilon = 0.100)
UPDATE BEST LOG-LIKELIHOOD: -24960.424
Iteration 10 / LogL: -24971.050 / Time: 0h:0m:11s
Estimate model parameters (epsilon = 0.100)
UPDATE BEST LOG-LIKELIHOOD: -24960.404
Estimate model parameters (epsilon = 0.100)
UPDATE BEST LOG-LIKELIHOOD: -24960.125
Iteration 20 / LogL: -24960.462 / Time: 0h:0m:19s
Finish initializing candidate tree set (10)
Current best tree score: -24960.125 / CPU time: 18.568
Number of iterations: 20
--------------------------------------------------------------------
|               OPTIMIZING CANDIDATE TREE SET                      |
--------------------------------------------------------------------
Estimate model parameters (epsilon = 0.100)
UPDATE BEST LOG-LIKELIHOOD: -24960.069
Iteration 30 / LogL: -24960.657 / Time: 0h:0m:28s (0h:1m:9s left)
Iteration 40 / LogL: -24961.373 / Time: 0h:0m:37s (0h:0m:58s left)
Iteration 50 / LogL: -24961.076 / Time: 0h:0m:46s (0h:0m:48s left)
Log-likelihood cutoff on original alignment: -25019.909
Iteration 60 / LogL: -24960.132 / Time: 0h:0m:55s (0h:0m:38s left)
Iteration 70 / LogL: -24961.466 / Time: 0h:1m:5s (0h:0m:29s left)
Iteration 80 / LogL: -24960.337 / Time: 0h:1m:16s (0h:0m:20s left)
Iteration 90 / LogL: -24960.331 / Time: 0h:1m:26s (0h:0m:10s left)
Iteration 100 / LogL: -24961.277 / Time: 0h:1m:35s (0h:0m:0s left)
Log-likelihood cutoff on original alignment: -25010.175
NOTE: Bootstrap correlation coefficient of split occurrence frequencies: 1.000
TREE SEARCH COMPLETED AFTER 102 ITERATIONS / Time: 0h:1m:37s

--------------------------------------------------------------------
|                    FINALIZING TREE SEARCH                        |
--------------------------------------------------------------------
Performs final model parameters optimization
Estimate model parameters (epsilon = 0.010)
1. Initial log-likelihood: -24960.069
Optimal log-likelihood: -24960.068
Gamma shape alpha: 0.614
Parameters optimization took 1 rounds (0.170 sec)
BEST SCORE FOUND : -24960.068
Creating bootstrap support values...
Split supports printed to NEXUS file CO1A2_tree.splits.nex
Total tree length: 5.042

Total number of iterations: 102
CPU time used for tree search: 96.576 sec (0h:1m:36s)
Wall-clock time used for tree search: 96.651 sec (0h:1m:36s)
Total CPU time used: 97.897 sec (0h:1m:37s)
Total wall-clock time used: 97.979 sec (0h:1m:37s)

Computing bootstrap consensus tree...
Reading input file CO1A2_tree.splits.nex...
37 taxa and 133 splits.
Consensus tree written to CO1A2_tree.contree
Reading input trees file CO1A2_tree.contree
Log-likelihood of consensus tree: -24960.319

Analysis results written to: 
  IQ-TREE report:                CO1A2_tree.iqtree
  Maximum-likelihood tree:       CO1A2_tree.treefile
  Likelihood distances:          CO1A2_tree.mldist

Ultrafast bootstrap approximation results written to:
  Split support values:          CO1A2_tree.splits.nex
  Consensus tree:                CO1A2_tree.contree
  Screen log file:               CO1A2_tree.log

Date and Time: Thu Apr 25 19:00:47 2024
