/Users/andressantos/miniconda3/envs/practical/bin/quast SARS-CoV.fasta -o SARS-quast

Version: 5.0.1, e74d3f865

System information:
  OS: Darwin-18.7.0-x86_64-i386-64bit (macosx)
  Python version: 3.6.13
  CPUs number: 4

Started: 2023-04-19 23:52:50

Logging to /Users/andressantos/Desktop/Pompeu/practical-files/SARS-quast/quast.log
NOTICE: Maximum number of threads is set to 1 (use --threads option to set it manually)

CWD: /Users/andressantos/Desktop/Pompeu/practical-files
Main parameters: 
  MODE: default, threads: 1, minimum contig length: 500, minimum alignment length: 65, \
  ambiguity: one, threshold for extensive misassembly size: 1000

Contigs:
  Pre-processing...
  SARS-CoV.fasta ==> SARS_CoV

2023-04-19 23:52:51
Running Basic statistics processor...
  Contig files: 
    SARS_CoV
  Calculating N50 and L50...
    SARS_CoV, N50 = 29849, L50 = 1, Total length = 29849, GC % = 37.98, # N's per 100 kbp =  110.56
  Drawing Nx plot...
    saved to /Users/andressantos/Desktop/Pompeu/practical-files/SARS-quast/basic_stats/Nx_plot.pdf
  Drawing cumulative plot...
    saved to /Users/andressantos/Desktop/Pompeu/practical-files/SARS-quast/basic_stats/cumulative_plot.pdf
  Drawing GC content plot...
    saved to /Users/andressantos/Desktop/Pompeu/practical-files/SARS-quast/basic_stats/GC_content_plot.pdf
  Drawing SARS_CoV GC content plot...
    saved to /Users/andressantos/Desktop/Pompeu/practical-files/SARS-quast/basic_stats/SARS_CoV_GC_content_plot.pdf
Done.

NOTICE: Genes are not predicted by default. Use --gene-finding or --glimmer option to enable it.

2023-04-19 23:52:52
Creating large visual summaries...
This may take a while: press Ctrl-C to skip this step..
  1 of 2: Creating Icarus viewers...
  2 of 2: Creating PDF with all tables and plots...
Done

2023-04-19 23:52:53
RESULTS:
  Text versions of total report are saved to /Users/andressantos/Desktop/Pompeu/practical-files/SARS-quast/report.txt, report.tsv, and report.tex
  Text versions of transposed total report are saved to /Users/andressantos/Desktop/Pompeu/practical-files/SARS-quast/transposed_report.txt, transposed_report.tsv, and transposed_report.tex
  HTML version (interactive tables and plots) is saved to /Users/andressantos/Desktop/Pompeu/practical-files/SARS-quast/report.html
  PDF version (tables and plots) is saved to /Users/andressantos/Desktop/Pompeu/practical-files/SARS-quast/report.pdf
  Icarus (contig browser) is saved to /Users/andressantos/Desktop/Pompeu/practical-files/SARS-quast/icarus.html
  Log is saved to /Users/andressantos/Desktop/Pompeu/practical-files/SARS-quast/quast.log

Finished: 2023-04-19 23:52:53
Elapsed time: 0:00:02.711709
NOTICEs: 2; WARNINGs: 0; non-fatal ERRORs: 0

Thank you for using QUAST!
