/Users/andressantos/miniconda3/envs/practical/bin/quast Genome2.fasta -o genome2-quast

Version: 5.0.1, e74d3f865

System information:
  OS: Darwin-18.7.0-x86_64-i386-64bit (macosx)
  Python version: 3.6.13
  CPUs number: 4

Started: 2023-04-19 23:51:42

Logging to /Users/andressantos/Desktop/Pompeu/practical-files/genome2-quast/quast.log
NOTICE: Maximum number of threads is set to 1 (use --threads option to set it manually)

CWD: /Users/andressantos/Desktop/Pompeu/practical-files
Main parameters: 
  MODE: default, threads: 1, minimum contig length: 500, minimum alignment length: 65, \
  ambiguity: one, threshold for extensive misassembly size: 1000

Contigs:
  Pre-processing...
  Genome2.fasta ==> Genome2

2023-04-19 23:51:45
Running Basic statistics processor...
  Contig files: 
    Genome2
  Calculating N50 and L50...
    Genome2, N50 = 1007, L50 = 1047, Total length = 3422312, GC % = 67.70, # N's per 100 kbp =  61.39
  Drawing Nx plot...
    saved to /Users/andressantos/Desktop/Pompeu/practical-files/genome2-quast/basic_stats/Nx_plot.pdf
  Drawing cumulative plot...
    saved to /Users/andressantos/Desktop/Pompeu/practical-files/genome2-quast/basic_stats/cumulative_plot.pdf
  Drawing GC content plot...
    saved to /Users/andressantos/Desktop/Pompeu/practical-files/genome2-quast/basic_stats/GC_content_plot.pdf
  Drawing Genome2 GC content plot...
    saved to /Users/andressantos/Desktop/Pompeu/practical-files/genome2-quast/basic_stats/Genome2_GC_content_plot.pdf
Done.

NOTICE: Genes are not predicted by default. Use --gene-finding or --glimmer option to enable it.

2023-04-19 23:51:46
Creating large visual summaries...
This may take a while: press Ctrl-C to skip this step..
  1 of 2: Creating Icarus viewers...
  2 of 2: Creating PDF with all tables and plots...
Done

2023-04-19 23:51:47
RESULTS:
  Text versions of total report are saved to /Users/andressantos/Desktop/Pompeu/practical-files/genome2-quast/report.txt, report.tsv, and report.tex
  Text versions of transposed total report are saved to /Users/andressantos/Desktop/Pompeu/practical-files/genome2-quast/transposed_report.txt, transposed_report.tsv, and transposed_report.tex
  HTML version (interactive tables and plots) is saved to /Users/andressantos/Desktop/Pompeu/practical-files/genome2-quast/report.html
  PDF version (tables and plots) is saved to /Users/andressantos/Desktop/Pompeu/practical-files/genome2-quast/report.pdf
  Icarus (contig browser) is saved to /Users/andressantos/Desktop/Pompeu/practical-files/genome2-quast/icarus.html
  Log is saved to /Users/andressantos/Desktop/Pompeu/practical-files/genome2-quast/quast.log

Finished: 2023-04-19 23:51:47
Elapsed time: 0:00:04.617325
NOTICEs: 2; WARNINGs: 0; non-fatal ERRORs: 0

Thank you for using QUAST!
